
  .   ____          _            __ _ _
 /\\ / ___'_ __ _ _(_)_ __  __ _ \ \ \ \
( ( )\___ | '_ | '_| | '_ \/ _` | \ \ \ \
 \\/  ___)| |_)| | | | | || (_| |  ) ) ) )
  '  |____| .__|_| |_|_| |_\__, | / / / /
 =========|_|==============|___/=/_/_/_/
 :: Spring Boot ::                (v2.6.6)

2022-05-11 07:59:40.417  INFO 7 --- [           main] org.chary.HammurabiApplication           : Starting HammurabiApplication v0.0.1-SNAPSHOT using Java 11.0.1 on c6180027b024 with PID 7 (/app.jar started by root in /)
2022-05-11 07:59:40.430  INFO 7 --- [           main] org.chary.HammurabiApplication           : No active profile set, falling back to 1 default profile: "default"
2022-05-11 07:59:42.831  INFO 7 --- [           main] .s.d.r.c.RepositoryConfigurationDelegate : Bootstrapping Spring Data Elasticsearch repositories in DEFAULT mode.
2022-05-11 07:59:43.041  INFO 7 --- [           main] .s.d.r.c.RepositoryConfigurationDelegate : Finished Spring Data repository scanning in 186 ms. Found 1 Elasticsearch repository interfaces.
2022-05-11 07:59:43.848  INFO 7 --- [           main] .s.d.r.c.RepositoryConfigurationDelegate : Bootstrapping Spring Data Reactive Elasticsearch repositories in DEFAULT mode.
2022-05-11 07:59:43.861  INFO 7 --- [           main] .s.d.r.c.RepositoryConfigurationDelegate : Finished Spring Data repository scanning in 11 ms. Found 0 Reactive Elasticsearch repository interfaces.
2022-05-11 07:59:46.448  INFO 7 --- [           main] o.s.b.w.embedded.tomcat.TomcatWebServer  : Tomcat initialized with port(s): 8080 (http)
2022-05-11 07:59:46.497  INFO 7 --- [           main] o.apache.catalina.core.StandardService   : Starting service [Tomcat]
2022-05-11 07:59:46.498  INFO 7 --- [           main] org.apache.catalina.core.StandardEngine  : Starting Servlet engine: [Apache Tomcat/9.0.60]
2022-05-11 07:59:46.837  INFO 7 --- [           main] o.a.c.c.C.[Tomcat].[localhost].[/]       : Initializing Spring embedded WebApplicationContext
2022-05-11 07:59:46.838  INFO 7 --- [           main] w.s.c.ServletWebServerApplicationContext : Root WebApplicationContext: initialization completed in 6103 ms
2022-05-11 07:59:50.333  WARN 7 --- [           main] .m.SimpleElasticsearchPersistentProperty : Unsupported type 'class java.lang.String' for date property 'logindate'.
2022-05-11 07:59:51.081  WARN 7 --- [           main] ConfigServletWebServerApplicationContext : Exception encountered during context initialization - cancelling refresh attempt: org.springframework.beans.factory.UnsatisfiedDependencyException: Error creating bean with name 'accountController' defined in URL [jar:file:/app.jar!/BOOT-INF/classes!/org/chary/controller/AccountController.class]: Unsatisfied dependency expressed through constructor parameter 0; nested exception is org.springframework.beans.factory.UnsatisfiedDependencyException: Error creating bean with name 'accountService' defined in URL [jar:file:/app.jar!/BOOT-INF/classes!/org/chary/service/AccountService.class]: Unsatisfied dependency expressed through constructor parameter 0; nested exception is org.springframework.beans.factory.BeanCreationException: Error creating bean with name 'accountRepository' defined in org.chary.repository.AccountRepository defined in @EnableElasticsearchRepositories declared on Config: Invocation of init method failed; nested exception is org.springframework.beans.BeanInstantiationException: Failed to instantiate [org.springframework.data.elasticsearch.repository.support.SimpleElasticsearchRepository]: Constructor threw exception; nested exception is org.springframework.data.elasticsearch.UncategorizedElasticsearchException: java.util.concurrent.ExecutionException: java.net.UnknownHostException: raspi: Name or service not known; nested exception is ElasticsearchException[java.util.concurrent.ExecutionException: java.net.UnknownHostException: raspi: Name or service not known]; nested: ExecutionException[java.net.UnknownHostException: raspi: Name or service not known]; nested: UnknownHostException[raspi: Name or service not known];
2022-05-11 07:59:51.094  INFO 7 --- [           main] o.apache.catalina.core.StandardService   : Stopping service [Tomcat]
2022-05-11 07:59:51.188  INFO 7 --- [           main] ConditionEvaluationReportLoggingListener : 

Error starting ApplicationContext. To display the conditions report re-run your application with 'debug' enabled.
2022-05-11 07:59:51.290 ERROR 7 --- [           main] o.s.boot.SpringApplication               : Application run failed

org.springframework.beans.factory.UnsatisfiedDependencyException: Error creating bean with name 'accountController' defined in URL [jar:file:/app.jar!/BOOT-INF/classes!/org/chary/controller/AccountController.class]: Unsatisfied dependency expressed through constructor parameter 0; nested exception is org.springframework.beans.factory.UnsatisfiedDependencyException: Error creating bean with name 'accountService' defined in URL [jar:file:/app.jar!/BOOT-INF/classes!/org/chary/service/AccountService.class]: Unsatisfied dependency expressed through constructor parameter 0; nested exception is org.springframework.beans.factory.BeanCreationException: Error creating bean with name 'accountRepository' defined in org.chary.repository.AccountRepository defined in @EnableElasticsearchRepositories declared on Config: Invocation of init method failed; nested exception is org.springframework.beans.BeanInstantiationException: Failed to instantiate [org.springframework.data.elasticsearch.repository.support.SimpleElasticsearchRepository]: Constructor threw exception; nested exception is org.springframework.data.elasticsearch.UncategorizedElasticsearchException: java.util.concurrent.ExecutionException: java.net.UnknownHostException: raspi: Name or service not known; nested exception is ElasticsearchException[java.util.concurrent.ExecutionException: java.net.UnknownHostException: raspi: Name or service not known]; nested: ExecutionException[java.net.UnknownHostException: raspi: Name or service not known]; nested: UnknownHostException[raspi: Name or service not known];
	at org.springframework.beans.factory.support.ConstructorResolver.createArgumentArray(ConstructorResolver.java:800) ~[spring-beans-5.3.18.jar!/:5.3.18]
	at org.springframework.beans.factory.support.ConstructorResolver.autowireConstructor(ConstructorResolver.java:229) ~[spring-beans-5.3.18.jar!/:5.3.18]
	at org.springframework.beans.factory.support.AbstractAutowireCapableBeanFactory.autowireConstructor(AbstractAutowireCapableBeanFactory.java:1372) ~[spring-beans-5.3.18.jar!/:5.3.18]
	at org.springframework.beans.factory.support.AbstractAutowireCapableBeanFactory.createBeanInstance(AbstractAutowireCapableBeanFactory.java:1222) ~[spring-beans-5.3.18.jar!/:5.3.18]
	at org.springframework.beans.factory.support.AbstractAutowireCapableBeanFactory.doCreateBean(AbstractAutowireCapableBeanFactory.java:582) ~[spring-beans-5.3.18.jar!/:5.3.18]
	at org.springframework.beans.factory.support.AbstractAutowireCapableBeanFactory.createBean(AbstractAutowireCapableBeanFactory.java:542) ~[spring-beans-5.3.18.jar!/:5.3.18]
	at org.springframework.beans.factory.support.AbstractBeanFactory.lambda$doGetBean$0(AbstractBeanFactory.java:335) ~[spring-beans-5.3.18.jar!/:5.3.18]
	at org.springframework.beans.factory.support.DefaultSingletonBeanRegistry.getSingleton(DefaultSingletonBeanRegistry.java:234) ~[spring-beans-5.3.18.jar!/:5.3.18]
	at org.springframework.beans.factory.support.AbstractBeanFactory.doGetBean(AbstractBeanFactory.java:333) ~[spring-beans-5.3.18.jar!/:5.3.18]
	at org.springframework.beans.factory.support.AbstractBeanFactory.getBean(AbstractBeanFactory.java:208) ~[spring-beans-5.3.18.jar!/:5.3.18]
	at org.springframework.beans.factory.support.DefaultListableBeanFactory.preInstantiateSingletons(DefaultListableBeanFactory.java:953) ~[spring-beans-5.3.18.jar!/:5.3.18]
	at org.springframework.context.support.AbstractApplicationContext.finishBeanFactoryInitialization(AbstractApplicationContext.java:918) ~[spring-context-5.3.18.jar!/:5.3.18]
	at org.springframework.context.support.AbstractApplicationContext.refresh(AbstractApplicationContext.java:583) ~[spring-context-5.3.18.jar!/:5.3.18]
	at org.springframework.boot.web.servlet.context.ServletWebServerApplicationContext.refresh(ServletWebServerApplicationContext.java:145) ~[spring-boot-2.6.6.jar!/:2.6.6]
	at org.springframework.boot.SpringApplication.refresh(SpringApplication.java:740) ~[spring-boot-2.6.6.jar!/:2.6.6]
	at org.springframework.boot.SpringApplication.refreshContext(SpringApplication.java:415) ~[spring-boot-2.6.6.jar!/:2.6.6]
	at org.springframework.boot.SpringApplication.run(SpringApplication.java:303) ~[spring-boot-2.6.6.jar!/:2.6.6]
	at org.springframework.boot.SpringApplication.run(SpringApplication.java:1312) ~[spring-boot-2.6.6.jar!/:2.6.6]
	at org.springframework.boot.SpringApplication.run(SpringApplication.java:1301) ~[spring-boot-2.6.6.jar!/:2.6.6]
	at org.chary.HammurabiApplication.main(HammurabiApplication.java:10) ~[classes!/:0.0.1-SNAPSHOT]
	at java.base/jdk.internal.reflect.NativeMethodAccessorImpl.invoke0(Native Method) ~[na:na]
	at java.base/jdk.internal.reflect.NativeMethodAccessorImpl.invoke(NativeMethodAccessorImpl.java:62) ~[na:na]
	at java.base/jdk.internal.reflect.DelegatingMethodAccessorImpl.invoke(DelegatingMethodAccessorImpl.java:43) ~[na:na]
	at java.base/java.lang.reflect.Method.invoke(Method.java:566) ~[na:na]
	at org.springframework.boot.loader.MainMethodRunner.run(MainMethodRunner.java:49) ~[app.jar:0.0.1-SNAPSHOT]
	at org.springframework.boot.loader.Launcher.launch(Launcher.java:108) ~[app.jar:0.0.1-SNAPSHOT]
	at org.springframework.boot.loader.Launcher.launch(Launcher.java:58) ~[app.jar:0.0.1-SNAPSHOT]
	at org.springframework.boot.loader.JarLauncher.main(JarLauncher.java:88) ~[app.jar:0.0.1-SNAPSHOT]
Caused by: org.springframework.beans.factory.UnsatisfiedDependencyException: Error creating bean with name 'accountService' defined in URL [jar:file:/app.jar!/BOOT-INF/classes!/org/chary/service/AccountService.class]: Unsatisfied dependency expressed through constructor parameter 0; nested exception is org.springframework.beans.factory.BeanCreationException: Error creating bean with name 'accountRepository' defined in org.chary.repository.AccountRepository defined in @EnableElasticsearchRepositories declared on Config: Invocation of init method failed; nested exception is org.springframework.beans.BeanInstantiationException: Failed to instantiate [org.springframework.data.elasticsearch.repository.support.SimpleElasticsearchRepository]: Constructor threw exception; nested exception is org.springframework.data.elasticsearch.UncategorizedElasticsearchException: java.util.concurrent.ExecutionException: java.net.UnknownHostException: raspi: Name or service not known; nested exception is ElasticsearchException[java.util.concurrent.ExecutionException: java.net.UnknownHostException: raspi: Name or service not known]; nested: ExecutionException[java.net.UnknownHostException: raspi: Name or service not known]; nested: UnknownHostException[raspi: Name or service not known];
	at org.springframework.beans.factory.support.ConstructorResolver.createArgumentArray(ConstructorResolver.java:800) ~[spring-beans-5.3.18.jar!/:5.3.18]
	at org.springframework.beans.factory.support.ConstructorResolver.autowireConstructor(ConstructorResolver.java:229) ~[spring-beans-5.3.18.jar!/:5.3.18]
	at org.springframework.beans.factory.support.AbstractAutowireCapableBeanFactory.autowireConstructor(AbstractAutowireCapableBeanFactory.java:1372) ~[spring-beans-5.3.18.jar!/:5.3.18]
	at org.springframework.beans.factory.support.AbstractAutowireCapableBeanFactory.createBeanInstance(AbstractAutowireCapableBeanFactory.java:1222) ~[spring-beans-5.3.18.jar!/:5.3.18]
	at org.springframework.beans.factory.support.AbstractAutowireCapableBeanFactory.doCreateBean(AbstractAutowireCapableBeanFactory.java:582) ~[spring-beans-5.3.18.jar!/:5.3.18]
	at org.springframework.beans.factory.support.AbstractAutowireCapableBeanFactory.createBean(AbstractAutowireCapableBeanFactory.java:542) ~[spring-beans-5.3.18.jar!/:5.3.18]
	at org.springframework.beans.factory.support.AbstractBeanFactory.lambda$doGetBean$0(AbstractBeanFactory.java:335) ~[spring-beans-5.3.18.jar!/:5.3.18]
	at org.springframework.beans.factory.support.DefaultSingletonBeanRegistry.getSingleton(DefaultSingletonBeanRegistry.java:234) ~[spring-beans-5.3.18.jar!/:5.3.18]
	at org.springframework.beans.factory.support.AbstractBeanFactory.doGetBean(AbstractBeanFactory.java:333) ~[spring-beans-5.3.18.jar!/:5.3.18]
	at org.springframework.beans.factory.support.AbstractBeanFactory.getBean(AbstractBeanFactory.java:208) ~[spring-beans-5.3.18.jar!/:5.3.18]
	at org.springframework.beans.factory.config.DependencyDescriptor.resolveCandidate(DependencyDescriptor.java:276) ~[spring-beans-5.3.18.jar!/:5.3.18]
	at org.springframework.beans.factory.support.DefaultListableBeanFactory.doResolveDependency(DefaultListableBeanFactory.java:1389) ~[spring-beans-5.3.18.jar!/:5.3.18]
	at org.springframework.beans.factory.support.DefaultListableBeanFactory.resolveDependency(DefaultListableBeanFactory.java:1309) ~[spring-beans-5.3.18.jar!/:5.3.18]
	at org.springframework.beans.factory.support.ConstructorResolver.resolveAutowiredArgument(ConstructorResolver.java:887) ~[spring-beans-5.3.18.jar!/:5.3.18]
	at org.springframework.beans.factory.support.ConstructorResolver.createArgumentArray(ConstructorResolver.java:791) ~[spring-beans-5.3.18.jar!/:5.3.18]
	... 27 common frames omitted
Caused by: org.springframework.beans.factory.BeanCreationException: Error creating bean with name 'accountRepository' defined in org.chary.repository.AccountRepository defined in @EnableElasticsearchRepositories declared on Config: Invocation of init method failed; nested exception is org.springframework.beans.BeanInstantiationException: Failed to instantiate [org.springframework.data.elasticsearch.repository.support.SimpleElasticsearchRepository]: Constructor threw exception; nested exception is org.springframework.data.elasticsearch.UncategorizedElasticsearchException: java.util.concurrent.ExecutionException: java.net.UnknownHostException: raspi: Name or service not known; nested exception is ElasticsearchException[java.util.concurrent.ExecutionException: java.net.UnknownHostException: raspi: Name or service not known]; nested: ExecutionException[java.net.UnknownHostException: raspi: Name or service not known]; nested: UnknownHostException[raspi: Name or service not known];
	at org.springframework.beans.factory.support.AbstractAutowireCapableBeanFactory.initializeBean(AbstractAutowireCapableBeanFactory.java:1804) ~[spring-beans-5.3.18.jar!/:5.3.18]
	at org.springframework.beans.factory.support.AbstractAutowireCapableBeanFactory.doCreateBean(AbstractAutowireCapableBeanFactory.java:620) ~[spring-beans-5.3.18.jar!/:5.3.18]
	at org.springframework.beans.factory.support.AbstractAutowireCapableBeanFactory.createBean(AbstractAutowireCapableBeanFactory.java:542) ~[spring-beans-5.3.18.jar!/:5.3.18]
	at org.springframework.beans.factory.support.AbstractBeanFactory.lambda$doGetBean$0(AbstractBeanFactory.java:335) ~[spring-beans-5.3.18.jar!/:5.3.18]
	at org.springframework.beans.factory.support.DefaultSingletonBeanRegistry.getSingleton(DefaultSingletonBeanRegistry.java:234) ~[spring-beans-5.3.18.jar!/:5.3.18]
	at org.springframework.beans.factory.support.AbstractBeanFactory.doGetBean(AbstractBeanFactory.java:333) ~[spring-beans-5.3.18.jar!/:5.3.18]
	at org.springframework.beans.factory.support.AbstractBeanFactory.getBean(AbstractBeanFactory.java:208) ~[spring-beans-5.3.18.jar!/:5.3.18]
	at org.springframework.beans.factory.config.DependencyDescriptor.resolveCandidate(DependencyDescriptor.java:276) ~[spring-beans-5.3.18.jar!/:5.3.18]
	at org.springframework.beans.factory.support.DefaultListableBeanFactory.doResolveDependency(DefaultListableBeanFactory.java:1389) ~[spring-beans-5.3.18.jar!/:5.3.18]
	at org.springframework.beans.factory.support.DefaultListableBeanFactory.resolveDependency(DefaultListableBeanFactory.java:1309) ~[spring-beans-5.3.18.jar!/:5.3.18]
	at org.springframework.beans.factory.support.ConstructorResolver.resolveAutowiredArgument(ConstructorResolver.java:887) ~[spring-beans-5.3.18.jar!/:5.3.18]
	at org.springframework.beans.factory.support.ConstructorResolver.createArgumentArray(ConstructorResolver.java:791) ~[spring-beans-5.3.18.jar!/:5.3.18]
	... 41 common frames omitted
Caused by: org.springframework.beans.BeanInstantiationException: Failed to instantiate [org.springframework.data.elasticsearch.repository.support.SimpleElasticsearchRepository]: Constructor threw exception; nested exception is org.springframework.data.elasticsearch.UncategorizedElasticsearchException: java.util.concurrent.ExecutionException: java.net.UnknownHostException: raspi: Name or service not known; nested exception is ElasticsearchException[java.util.concurrent.ExecutionException: java.net.UnknownHostException: raspi: Name or service not known]; nested: ExecutionException[java.net.UnknownHostException: raspi: Name or service not known]; nested: UnknownHostException[raspi: Name or service not known];
	at org.springframework.beans.BeanUtils.instantiateClass(BeanUtils.java:224) ~[spring-beans-5.3.18.jar!/:5.3.18]
	at org.springframework.data.repository.core.support.RepositoryFactorySupport.lambda$instantiateClass$5(RepositoryFactorySupport.java:578) ~[spring-data-commons-2.6.3.jar!/:2.6.3]
	at java.base/java.util.Optional.map(Optional.java:265) ~[na:na]
	at org.springframework.data.repository.core.support.RepositoryFactorySupport.instantiateClass(RepositoryFactorySupport.java:578) ~[spring-data-commons-2.6.3.jar!/:2.6.3]
	at org.springframework.data.repository.core.support.RepositoryFactorySupport.getTargetRepositoryViaReflection(RepositoryFactorySupport.java:543) ~[spring-data-commons-2.6.3.jar!/:2.6.3]
	at org.springframework.data.elasticsearch.repository.support.ElasticsearchRepositoryFactory.getTargetRepository(ElasticsearchRepositoryFactory.java:74) ~[spring-data-elasticsearch-4.3.3.jar!/:4.3.3]
	at org.springframework.data.repository.core.support.RepositoryFactorySupport.getRepository(RepositoryFactorySupport.java:324) ~[spring-data-commons-2.6.3.jar!/:2.6.3]
	at org.springframework.data.repository.core.support.RepositoryFactoryBeanSupport.lambda$afterPropertiesSet$5(RepositoryFactoryBeanSupport.java:322) ~[spring-data-commons-2.6.3.jar!/:2.6.3]
	at org.springframework.data.util.Lazy.getNullable(Lazy.java:230) ~[spring-data-commons-2.6.3.jar!/:2.6.3]
	at org.springframework.data.util.Lazy.get(Lazy.java:114) ~[spring-data-commons-2.6.3.jar!/:2.6.3]
	at org.springframework.data.repository.core.support.RepositoryFactoryBeanSupport.afterPropertiesSet(RepositoryFactoryBeanSupport.java:328) ~[spring-data-commons-2.6.3.jar!/:2.6.3]
	at org.springframework.data.elasticsearch.repository.support.ElasticsearchRepositoryFactoryBean.afterPropertiesSet(ElasticsearchRepositoryFactoryBean.java:69) ~[spring-data-elasticsearch-4.3.3.jar!/:4.3.3]
	at org.springframework.beans.factory.support.AbstractAutowireCapableBeanFactory.invokeInitMethods(AbstractAutowireCapableBeanFactory.java:1863) ~[spring-beans-5.3.18.jar!/:5.3.18]
	at org.springframework.beans.factory.support.AbstractAutowireCapableBeanFactory.initializeBean(AbstractAutowireCapableBeanFactory.java:1800) ~[spring-beans-5.3.18.jar!/:5.3.18]
	... 52 common frames omitted
Caused by: org.springframework.data.elasticsearch.UncategorizedElasticsearchException: java.util.concurrent.ExecutionException: java.net.UnknownHostException: raspi: Name or service not known; nested exception is ElasticsearchException[java.util.concurrent.ExecutionException: java.net.UnknownHostException: raspi: Name or service not known]; nested: ExecutionException[java.net.UnknownHostException: raspi: Name or service not known]; nested: UnknownHostException[raspi: Name or service not known];
	at org.springframework.data.elasticsearch.core.ElasticsearchExceptionTranslator.translateExceptionIfPossible(ElasticsearchExceptionTranslator.java:72) ~[spring-data-elasticsearch-4.3.3.jar!/:4.3.3]
	at org.springframework.data.elasticsearch.core.ElasticsearchRestTemplate.translateException(ElasticsearchRestTemplate.java:427) ~[spring-data-elasticsearch-4.3.3.jar!/:4.3.3]
	at org.springframework.data.elasticsearch.core.ElasticsearchRestTemplate.execute(ElasticsearchRestTemplate.java:410) ~[spring-data-elasticsearch-4.3.3.jar!/:4.3.3]
	at org.springframework.data.elasticsearch.core.RestIndexTemplate.doExists(RestIndexTemplate.java:103) ~[spring-data-elasticsearch-4.3.3.jar!/:4.3.3]
	at org.springframework.data.elasticsearch.core.AbstractIndexTemplate.exists(AbstractIndexTemplate.java:134) ~[spring-data-elasticsearch-4.3.3.jar!/:4.3.3]
	at org.springframework.data.elasticsearch.repository.support.SimpleElasticsearchRepository.<init>(SimpleElasticsearchRepository.java:92) ~[spring-data-elasticsearch-4.3.3.jar!/:4.3.3]
	at java.base/jdk.internal.reflect.NativeConstructorAccessorImpl.newInstance0(Native Method) ~[na:na]
	at java.base/jdk.internal.reflect.NativeConstructorAccessorImpl.newInstance(NativeConstructorAccessorImpl.java:62) ~[na:na]
	at java.base/jdk.internal.reflect.DelegatingConstructorAccessorImpl.newInstance(DelegatingConstructorAccessorImpl.java:45) ~[na:na]
	at java.base/java.lang.reflect.Constructor.newInstance(Constructor.java:490) ~[na:na]
	at org.springframework.beans.BeanUtils.instantiateClass(BeanUtils.java:211) ~[spring-beans-5.3.18.jar!/:5.3.18]
	... 65 common frames omitted
Caused by: org.elasticsearch.ElasticsearchException: java.util.concurrent.ExecutionException: java.net.UnknownHostException: raspi: Name or service not known
	at org.elasticsearch.client.RestHighLevelClient.performClientRequest(RestHighLevelClient.java:2078) ~[elasticsearch-rest-high-level-client-7.15.2.jar!/:7.15.2]
	at org.elasticsearch.client.RestHighLevelClient.internalPerformRequest(RestHighLevelClient.java:1732) ~[elasticsearch-rest-high-level-client-7.15.2.jar!/:7.15.2]
	at org.elasticsearch.client.RestHighLevelClient.performRequest(RestHighLevelClient.java:1717) ~[elasticsearch-rest-high-level-client-7.15.2.jar!/:7.15.2]
	at org.elasticsearch.client.IndicesClient.exists(IndicesClient.java:963) ~[elasticsearch-rest-high-level-client-7.15.2.jar!/:7.15.2]
	at org.springframework.data.elasticsearch.core.RestIndexTemplate.lambda$doExists$2(RestIndexTemplate.java:103) ~[spring-data-elasticsearch-4.3.3.jar!/:4.3.3]
	at org.springframework.data.elasticsearch.core.ElasticsearchRestTemplate.execute(ElasticsearchRestTemplate.java:408) ~[spring-data-elasticsearch-4.3.3.jar!/:4.3.3]
	... 73 common frames omitted
Caused by: java.util.concurrent.ExecutionException: java.net.UnknownHostException: raspi: Name or service not known
	at org.elasticsearch.common.util.concurrent.BaseFuture$Sync.getValue(BaseFuture.java:262) ~[elasticsearch-7.15.2.jar!/:7.15.2]
	at org.elasticsearch.common.util.concurrent.BaseFuture$Sync.get(BaseFuture.java:249) ~[elasticsearch-7.15.2.jar!/:7.15.2]
	at org.elasticsearch.common.util.concurrent.BaseFuture.get(BaseFuture.java:76) ~[elasticsearch-7.15.2.jar!/:7.15.2]
	at org.elasticsearch.client.RestHighLevelClient.performClientRequest(RestHighLevelClient.java:2075) ~[elasticsearch-rest-high-level-client-7.15.2.jar!/:7.15.2]
	... 78 common frames omitted
Caused by: java.net.UnknownHostException: raspi: Name or service not known
	at java.base/java.net.Inet4AddressImpl.lookupAllHostAddr(Native Method) ~[na:na]
	at java.base/java.net.InetAddress$PlatformNameService.lookupAllHostAddr(InetAddress.java:929) ~[na:na]
	at java.base/java.net.InetAddress.getAddressesFromNameService(InetAddress.java:1515) ~[na:na]
	at java.base/java.net.InetAddress$NameServiceAddresses.get(InetAddress.java:848) ~[na:na]
	at java.base/java.net.InetAddress.getAllByName0(InetAddress.java:1505) ~[na:na]
	at java.base/java.net.InetAddress.getAllByName(InetAddress.java:1364) ~[na:na]
	at java.base/java.net.InetAddress.getAllByName(InetAddress.java:1298) ~[na:na]
	at org.apache.http.impl.conn.SystemDefaultDnsResolver.resolve(SystemDefaultDnsResolver.java:45) ~[httpclient-4.5.13.jar!/:4.5.13]
	at org.apache.http.impl.nio.conn.PoolingNHttpClientConnectionManager$InternalAddressResolver.resolveRemoteAddress(PoolingNHttpClientConnectionManager.java:666) ~[httpasyncclient-4.1.5.jar!/:4.1.5]
	at org.apache.http.impl.nio.conn.PoolingNHttpClientConnectionManager$InternalAddressResolver.resolveRemoteAddress(PoolingNHttpClientConnectionManager.java:637) ~[httpasyncclient-4.1.5.jar!/:4.1.5]
	at org.apache.http.nio.pool.AbstractNIOConnPool.processPendingRequest(AbstractNIOConnPool.java:474) ~[httpcore-nio-4.4.15.jar!/:4.4.15]
	at org.apache.http.nio.pool.AbstractNIOConnPool.lease(AbstractNIOConnPool.java:280) ~[httpcore-nio-4.4.15.jar!/:4.4.15]
	at org.apache.http.impl.nio.conn.PoolingNHttpClientConnectionManager.requestConnection(PoolingNHttpClientConnectionManager.java:295) ~[httpasyncclient-4.1.5.jar!/:4.1.5]
	at org.apache.http.impl.nio.client.AbstractClientExchangeHandler.requestConnection(AbstractClientExchangeHandler.java:381) ~[httpasyncclient-4.1.5.jar!/:4.1.5]
	at org.apache.http.impl.nio.client.DefaultClientExchangeHandlerImpl.start(DefaultClientExchangeHandlerImpl.java:130) ~[httpasyncclient-4.1.5.jar!/:4.1.5]
	at org.apache.http.impl.nio.client.CloseableHttpAsyncClientBase.execute(CloseableHttpAsyncClientBase.java:116) ~[httpasyncclient-4.1.5.jar!/:4.1.5]
	at org.apache.http.impl.nio.client.InternalHttpAsyncClient.execute(InternalHttpAsyncClient.java:138) ~[httpasyncclient-4.1.5.jar!/:4.1.5]
	at org.elasticsearch.client.RestClient.lambda$performRequestAsync$1(RestClient.java:370) ~[elasticsearch-rest-client-7.15.2.jar!/:7.15.2]
	at org.elasticsearch.client.Cancellable$RequestCancellable.runIfNotCancelled(Cancellable.java:91) ~[elasticsearch-rest-client-7.15.2.jar!/:7.15.2]
	at org.elasticsearch.client.RestClient.performRequestAsync(RestClient.java:368) ~[elasticsearch-rest-client-7.15.2.jar!/:7.15.2]
	at org.elasticsearch.client.RestClient.performRequestAsync(RestClient.java:357) ~[elasticsearch-rest-client-7.15.2.jar!/:7.15.2]
	at org.elasticsearch.client.RestHighLevelClient.getVersionValidationFuture(RestHighLevelClient.java:2118) ~[elasticsearch-rest-high-level-client-7.15.2.jar!/:7.15.2]
	... 79 common frames omitted

